<?xml version="1.0" encoding="UTF-8"?>
<!-- Generated by org.testng.reporters.JUnitReportReporter -->
<testsuite hostname="Armi" failures="0" tests="3" name="Runners.runnerForAll" time="43.137" errors="0" timestamp="2025-03-16T06:31:42 EDT" skipped="0">
  <testcase classname="Runners.runnerForAll" name="runScenario" time="14.095"/>
  <testcase classname="Runners.runnerForAll" name="runScenario" time="14.330"/>
  <testcase classname="Runners.runnerForAll" name="runScenario" time="14.712"/>
</testsuite> <!-- Runners.runnerForAll -->
